#-----------------------------------------------------------
# Vivado v2018.3 (64-bit)
# SW Build 2405991 on Thu Dec  6 23:38:27 MST 2018
# IP Build 2404404 on Fri Dec  7 01:43:56 MST 2018
# Start of session at: Wed Oct  7 15:17:44 2020
# Process ID: 1396
# Current directory: C:/github/zcu102_adrv9009_xvr/design_xvr_adrv9009/hdl/projects/adrv9009/zcu102
# Command line: vivado.exe -gui_launcher_event rodinguilauncherevent15880 C:\github\zcu102_adrv9009_xvr\design_xvr_adrv9009\hdl\projects\adrv9009\zcu102\adrv9009_zcu102.xpr
# Log file: C:/github/zcu102_adrv9009_xvr/design_xvr_adrv9009/hdl/projects/adrv9009/zcu102/vivado.log
# Journal file: C:/github/zcu102_adrv9009_xvr/design_xvr_adrv9009/hdl/projects/adrv9009/zcu102\vivado.jou
#-----------------------------------------------------------
start_gui
open_project C:/github/zcu102_adrv9009_xvr/design_xvr_adrv9009/hdl/projects/adrv9009/zcu102/adrv9009_zcu102.xpr
INFO: [Project 1-313] Project file moved from 'C:/github/hdl/projects/adrv9009/zcu102' since last save.
Scanning sources...
Finished scanning sources
WARNING: [filemgmt 56-2] IP Repository Path: Could not find the directory 'C:/github/zcu102_adrv9009_xvr/design_xvr_adrv9009/ghdl/library', nor could it be found using path 'C:/github/ghdl/library'.
INFO: [IP_Flow 19-234] Refreshing IP repositories
INFO: [IP_Flow 19-1700] Loaded user IP repository 'c:/github/zcu102_adrv9009_xvr/design_xvr_adrv9009/hdl/library'.
WARNING: [IP_Flow 19-2248] Failed to load user IP repository 'c:/github/zcu102_adrv9009_xvr/design_xvr_adrv9009/ghdl/library'; Can't find the specified path.
If this directory should no longer be in your list of user repositories, go to the IP Settings dialog and remove it.
INFO: [IP_Flow 19-2313] Loaded Vivado IP repository 'C:/software/Xilinx/Vivado/2018.3/data/ip'.
open_project: Time (s): cpu = 00:00:25 ; elapsed = 00:00:17 . Memory (MB): peak = 929.438 ; gain = 300.609
update_compile_order -fileset sources_1
exit
INFO: [Common 17-206] Exiting Vivado at Wed Oct  7 15:18:31 2020...
