Copyright 1986-2018 Xilinx, Inc. All Rights Reserved.
---------------------------------------------------------------------------------------------------------------------
| Tool Version : Vivado v.2018.3 (win64) Build 2405991 Thu Dec  6 23:38:27 MST 2018
| Date         : Fri Dec 18 11:48:34 2020
| Host         : MT-202935 running 64-bit major release  (build 9200)
| Command      : report_drc -file system_top_drc_opted.rpt -pb system_top_drc_opted.pb -rpx system_top_drc_opted.rpx
| Design       : system_top
| Device       : xczu9eg-ffvb1156-2-e
| Speed File   : -2
| Design State : Synthesized
---------------------------------------------------------------------------------------------------------------------

Report DRC

Table of Contents
-----------------
1. REPORT SUMMARY
2. REPORT DETAILS

1. REPORT SUMMARY
-----------------
            Netlist: netlist
          Floorplan: design_1
      Design limits: <entire design considered>
           Ruledeck: default
             Max violations: <unlimited>
             Violations found: 169
+-----------+----------+---------------------------------------------------------------------+------------+
| Rule      | Severity | Description                                                         | Violations |
+-----------+----------+---------------------------------------------------------------------+------------+
| REQP-1773 | Warning  | RAMB36E2_WRITE_WIDTH_A_9_or_less_doesnt_use_WEA31                   | 104        |
| AVAL-155  | Advisory | enum_AMULTSEL_BMULTSEL_enum_DREG_ADREG_0_connects_CED_CEAD_RSTD_GND | 16         |
| REQP-1677 | Advisory | enum_USE_MULT_NONE_connects_CEM_GND                                 | 8          |
| REQP-1679 | Advisory | enum_MREG_0_connects_CEM_GND                                        | 8          |
| REQP-1681 | Advisory | with_OPMODE_USE_MULT_NONE                                           | 12         |
| REQP-1701 | Advisory | enum_DREG_0_connects_CED_GND                                        | 16         |
| REQP-1857 | Advisory | RAMB18E2_writefirst_collision_advisory                              | 1          |
| REQP-1858 | Advisory | RAMB36E2_writefirst_collision_advisory                              | 4          |
+-----------+----------+---------------------------------------------------------------------+------------+

2. REPORT DETAILS
-----------------
REQP-1773#1 Warning
RAMB36E2_WRITE_WIDTH_A_9_or_less_doesnt_use_WEA31  
The RAMB36E2 cell i_system_wrapper/system_i/axi_adrv9009_dacfifo/inst/i_mem_fifo/m_ram_reg_0_0 has WRITE_WIDTH_A set to 9 or less. The WEA[3:1] pins should not be connected to active signal.
Related violations: <none>

REQP-1773#2 Warning
RAMB36E2_WRITE_WIDTH_A_9_or_less_doesnt_use_WEA31  
The RAMB36E2 cell i_system_wrapper/system_i/axi_adrv9009_dacfifo/inst/i_mem_fifo/m_ram_reg_0_10 has WRITE_WIDTH_A set to 9 or less. The WEA[3:1] pins should not be connected to active signal.
Related violations: <none>

REQP-1773#3 Warning
RAMB36E2_WRITE_WIDTH_A_9_or_less_doesnt_use_WEA31  
The RAMB36E2 cell i_system_wrapper/system_i/axi_adrv9009_dacfifo/inst/i_mem_fifo/m_ram_reg_0_100 has WRITE_WIDTH_A set to 9 or less. The WEA[3:1] pins should not be connected to active signal.
Related violations: <none>

REQP-1773#4 Warning
RAMB36E2_WRITE_WIDTH_A_9_or_less_doesnt_use_WEA31  
The RAMB36E2 cell i_system_wrapper/system_i/axi_adrv9009_dacfifo/inst/i_mem_fifo/m_ram_reg_0_105 has WRITE_WIDTH_A set to 9 or less. The WEA[3:1] pins should not be connected to active signal.
Related violations: <none>

REQP-1773#5 Warning
RAMB36E2_WRITE_WIDTH_A_9_or_less_doesnt_use_WEA31  
The RAMB36E2 cell i_system_wrapper/system_i/axi_adrv9009_dacfifo/inst/i_mem_fifo/m_ram_reg_0_110 has WRITE_WIDTH_A set to 9 or less. The WEA[3:1] pins should not be connected to active signal.
Related violations: <none>

REQP-1773#6 Warning
RAMB36E2_WRITE_WIDTH_A_9_or_less_doesnt_use_WEA31  
The RAMB36E2 cell i_system_wrapper/system_i/axi_adrv9009_dacfifo/inst/i_mem_fifo/m_ram_reg_0_115 has WRITE_WIDTH_A set to 9 or less. The WEA[3:1] pins should not be connected to active signal.
Related violations: <none>

REQP-1773#7 Warning
RAMB36E2_WRITE_WIDTH_A_9_or_less_doesnt_use_WEA31  
The RAMB36E2 cell i_system_wrapper/system_i/axi_adrv9009_dacfifo/inst/i_mem_fifo/m_ram_reg_0_120 has WRITE_WIDTH_A set to 9 or less. The WEA[3:1] pins should not be connected to active signal.
Related violations: <none>

REQP-1773#8 Warning
RAMB36E2_WRITE_WIDTH_A_9_or_less_doesnt_use_WEA31  
The RAMB36E2 cell i_system_wrapper/system_i/axi_adrv9009_dacfifo/inst/i_mem_fifo/m_ram_reg_0_125 has WRITE_WIDTH_A set to 9 or less. The WEA[3:1] pins should not be connected to active signal.
Related violations: <none>

REQP-1773#9 Warning
RAMB36E2_WRITE_WIDTH_A_9_or_less_doesnt_use_WEA31  
The RAMB36E2 cell i_system_wrapper/system_i/axi_adrv9009_dacfifo/inst/i_mem_fifo/m_ram_reg_0_15 has WRITE_WIDTH_A set to 9 or less. The WEA[3:1] pins should not be connected to active signal.
Related violations: <none>

REQP-1773#10 Warning
RAMB36E2_WRITE_WIDTH_A_9_or_less_doesnt_use_WEA31  
The RAMB36E2 cell i_system_wrapper/system_i/axi_adrv9009_dacfifo/inst/i_mem_fifo/m_ram_reg_0_20 has WRITE_WIDTH_A set to 9 or less. The WEA[3:1] pins should not be connected to active signal.
Related violations: <none>

REQP-1773#11 Warning
RAMB36E2_WRITE_WIDTH_A_9_or_less_doesnt_use_WEA31  
The RAMB36E2 cell i_system_wrapper/system_i/axi_adrv9009_dacfifo/inst/i_mem_fifo/m_ram_reg_0_25 has WRITE_WIDTH_A set to 9 or less. The WEA[3:1] pins should not be connected to active signal.
Related violations: <none>

REQP-1773#12 Warning
RAMB36E2_WRITE_WIDTH_A_9_or_less_doesnt_use_WEA31  
The RAMB36E2 cell i_system_wrapper/system_i/axi_adrv9009_dacfifo/inst/i_mem_fifo/m_ram_reg_0_30 has WRITE_WIDTH_A set to 9 or less. The WEA[3:1] pins should not be connected to active signal.
Related violations: <none>

REQP-1773#13 Warning
RAMB36E2_WRITE_WIDTH_A_9_or_less_doesnt_use_WEA31  
The RAMB36E2 cell i_system_wrapper/system_i/axi_adrv9009_dacfifo/inst/i_mem_fifo/m_ram_reg_0_35 has WRITE_WIDTH_A set to 9 or less. The WEA[3:1] pins should not be connected to active signal.
Related violations: <none>

REQP-1773#14 Warning
RAMB36E2_WRITE_WIDTH_A_9_or_less_doesnt_use_WEA31  
The RAMB36E2 cell i_system_wrapper/system_i/axi_adrv9009_dacfifo/inst/i_mem_fifo/m_ram_reg_0_40 has WRITE_WIDTH_A set to 9 or less. The WEA[3:1] pins should not be connected to active signal.
Related violations: <none>

REQP-1773#15 Warning
RAMB36E2_WRITE_WIDTH_A_9_or_less_doesnt_use_WEA31  
The RAMB36E2 cell i_system_wrapper/system_i/axi_adrv9009_dacfifo/inst/i_mem_fifo/m_ram_reg_0_45 has WRITE_WIDTH_A set to 9 or less. The WEA[3:1] pins should not be connected to active signal.
Related violations: <none>

REQP-1773#16 Warning
RAMB36E2_WRITE_WIDTH_A_9_or_less_doesnt_use_WEA31  
The RAMB36E2 cell i_system_wrapper/system_i/axi_adrv9009_dacfifo/inst/i_mem_fifo/m_ram_reg_0_5 has WRITE_WIDTH_A set to 9 or less. The WEA[3:1] pins should not be connected to active signal.
Related violations: <none>

REQP-1773#17 Warning
RAMB36E2_WRITE_WIDTH_A_9_or_less_doesnt_use_WEA31  
The RAMB36E2 cell i_system_wrapper/system_i/axi_adrv9009_dacfifo/inst/i_mem_fifo/m_ram_reg_0_50 has WRITE_WIDTH_A set to 9 or less. The WEA[3:1] pins should not be connected to active signal.
Related violations: <none>

REQP-1773#18 Warning
RAMB36E2_WRITE_WIDTH_A_9_or_less_doesnt_use_WEA31  
The RAMB36E2 cell i_system_wrapper/system_i/axi_adrv9009_dacfifo/inst/i_mem_fifo/m_ram_reg_0_55 has WRITE_WIDTH_A set to 9 or less. The WEA[3:1] pins should not be connected to active signal.
Related violations: <none>

REQP-1773#19 Warning
RAMB36E2_WRITE_WIDTH_A_9_or_less_doesnt_use_WEA31  
The RAMB36E2 cell i_system_wrapper/system_i/axi_adrv9009_dacfifo/inst/i_mem_fifo/m_ram_reg_0_60 has WRITE_WIDTH_A set to 9 or less. The WEA[3:1] pins should not be connected to active signal.
Related violations: <none>

REQP-1773#20 Warning
RAMB36E2_WRITE_WIDTH_A_9_or_less_doesnt_use_WEA31  
The RAMB36E2 cell i_system_wrapper/system_i/axi_adrv9009_dacfifo/inst/i_mem_fifo/m_ram_reg_0_65 has WRITE_WIDTH_A set to 9 or less. The WEA[3:1] pins should not be connected to active signal.
Related violations: <none>

REQP-1773#21 Warning
RAMB36E2_WRITE_WIDTH_A_9_or_less_doesnt_use_WEA31  
The RAMB36E2 cell i_system_wrapper/system_i/axi_adrv9009_dacfifo/inst/i_mem_fifo/m_ram_reg_0_70 has WRITE_WIDTH_A set to 9 or less. The WEA[3:1] pins should not be connected to active signal.
Related violations: <none>

REQP-1773#22 Warning
RAMB36E2_WRITE_WIDTH_A_9_or_less_doesnt_use_WEA31  
The RAMB36E2 cell i_system_wrapper/system_i/axi_adrv9009_dacfifo/inst/i_mem_fifo/m_ram_reg_0_75 has WRITE_WIDTH_A set to 9 or less. The WEA[3:1] pins should not be connected to active signal.
Related violations: <none>

REQP-1773#23 Warning
RAMB36E2_WRITE_WIDTH_A_9_or_less_doesnt_use_WEA31  
The RAMB36E2 cell i_system_wrapper/system_i/axi_adrv9009_dacfifo/inst/i_mem_fifo/m_ram_reg_0_80 has WRITE_WIDTH_A set to 9 or less. The WEA[3:1] pins should not be connected to active signal.
Related violations: <none>

REQP-1773#24 Warning
RAMB36E2_WRITE_WIDTH_A_9_or_less_doesnt_use_WEA31  
The RAMB36E2 cell i_system_wrapper/system_i/axi_adrv9009_dacfifo/inst/i_mem_fifo/m_ram_reg_0_85 has WRITE_WIDTH_A set to 9 or less. The WEA[3:1] pins should not be connected to active signal.
Related violations: <none>

REQP-1773#25 Warning
RAMB36E2_WRITE_WIDTH_A_9_or_less_doesnt_use_WEA31  
The RAMB36E2 cell i_system_wrapper/system_i/axi_adrv9009_dacfifo/inst/i_mem_fifo/m_ram_reg_0_90 has WRITE_WIDTH_A set to 9 or less. The WEA[3:1] pins should not be connected to active signal.
Related violations: <none>

REQP-1773#26 Warning
RAMB36E2_WRITE_WIDTH_A_9_or_less_doesnt_use_WEA31  
The RAMB36E2 cell i_system_wrapper/system_i/axi_adrv9009_dacfifo/inst/i_mem_fifo/m_ram_reg_0_95 has WRITE_WIDTH_A set to 9 or less. The WEA[3:1] pins should not be connected to active signal.
Related violations: <none>

REQP-1773#27 Warning
RAMB36E2_WRITE_WIDTH_A_9_or_less_doesnt_use_WEA31  
The RAMB36E2 cell i_system_wrapper/system_i/axi_adrv9009_dacfifo/inst/i_mem_fifo/m_ram_reg_1_0 has WRITE_WIDTH_A set to 9 or less. The WEA[3:1] pins should not be connected to active signal.
Related violations: <none>

REQP-1773#28 Warning
RAMB36E2_WRITE_WIDTH_A_9_or_less_doesnt_use_WEA31  
The RAMB36E2 cell i_system_wrapper/system_i/axi_adrv9009_dacfifo/inst/i_mem_fifo/m_ram_reg_1_10 has WRITE_WIDTH_A set to 9 or less. The WEA[3:1] pins should not be connected to active signal.
Related violations: <none>

REQP-1773#29 Warning
RAMB36E2_WRITE_WIDTH_A_9_or_less_doesnt_use_WEA31  
The RAMB36E2 cell i_system_wrapper/system_i/axi_adrv9009_dacfifo/inst/i_mem_fifo/m_ram_reg_1_100 has WRITE_WIDTH_A set to 9 or less. The WEA[3:1] pins should not be connected to active signal.
Related violations: <none>

REQP-1773#30 Warning
RAMB36E2_WRITE_WIDTH_A_9_or_less_doesnt_use_WEA31  
The RAMB36E2 cell i_system_wrapper/system_i/axi_adrv9009_dacfifo/inst/i_mem_fifo/m_ram_reg_1_105 has WRITE_WIDTH_A set to 9 or less. The WEA[3:1] pins should not be connected to active signal.
Related violations: <none>

REQP-1773#31 Warning
RAMB36E2_WRITE_WIDTH_A_9_or_less_doesnt_use_WEA31  
The RAMB36E2 cell i_system_wrapper/system_i/axi_adrv9009_dacfifo/inst/i_mem_fifo/m_ram_reg_1_110 has WRITE_WIDTH_A set to 9 or less. The WEA[3:1] pins should not be connected to active signal.
Related violations: <none>

REQP-1773#32 Warning
RAMB36E2_WRITE_WIDTH_A_9_or_less_doesnt_use_WEA31  
The RAMB36E2 cell i_system_wrapper/system_i/axi_adrv9009_dacfifo/inst/i_mem_fifo/m_ram_reg_1_115 has WRITE_WIDTH_A set to 9 or less. The WEA[3:1] pins should not be connected to active signal.
Related violations: <none>

REQP-1773#33 Warning
RAMB36E2_WRITE_WIDTH_A_9_or_less_doesnt_use_WEA31  
The RAMB36E2 cell i_system_wrapper/system_i/axi_adrv9009_dacfifo/inst/i_mem_fifo/m_ram_reg_1_120 has WRITE_WIDTH_A set to 9 or less. The WEA[3:1] pins should not be connected to active signal.
Related violations: <none>

REQP-1773#34 Warning
RAMB36E2_WRITE_WIDTH_A_9_or_less_doesnt_use_WEA31  
The RAMB36E2 cell i_system_wrapper/system_i/axi_adrv9009_dacfifo/inst/i_mem_fifo/m_ram_reg_1_125 has WRITE_WIDTH_A set to 9 or less. The WEA[3:1] pins should not be connected to active signal.
Related violations: <none>

REQP-1773#35 Warning
RAMB36E2_WRITE_WIDTH_A_9_or_less_doesnt_use_WEA31  
The RAMB36E2 cell i_system_wrapper/system_i/axi_adrv9009_dacfifo/inst/i_mem_fifo/m_ram_reg_1_15 has WRITE_WIDTH_A set to 9 or less. The WEA[3:1] pins should not be connected to active signal.
Related violations: <none>

REQP-1773#36 Warning
RAMB36E2_WRITE_WIDTH_A_9_or_less_doesnt_use_WEA31  
The RAMB36E2 cell i_system_wrapper/system_i/axi_adrv9009_dacfifo/inst/i_mem_fifo/m_ram_reg_1_20 has WRITE_WIDTH_A set to 9 or less. The WEA[3:1] pins should not be connected to active signal.
Related violations: <none>

REQP-1773#37 Warning
RAMB36E2_WRITE_WIDTH_A_9_or_less_doesnt_use_WEA31  
The RAMB36E2 cell i_system_wrapper/system_i/axi_adrv9009_dacfifo/inst/i_mem_fifo/m_ram_reg_1_25 has WRITE_WIDTH_A set to 9 or less. The WEA[3:1] pins should not be connected to active signal.
Related violations: <none>

REQP-1773#38 Warning
RAMB36E2_WRITE_WIDTH_A_9_or_less_doesnt_use_WEA31  
The RAMB36E2 cell i_system_wrapper/system_i/axi_adrv9009_dacfifo/inst/i_mem_fifo/m_ram_reg_1_30 has WRITE_WIDTH_A set to 9 or less. The WEA[3:1] pins should not be connected to active signal.
Related violations: <none>

REQP-1773#39 Warning
RAMB36E2_WRITE_WIDTH_A_9_or_less_doesnt_use_WEA31  
The RAMB36E2 cell i_system_wrapper/system_i/axi_adrv9009_dacfifo/inst/i_mem_fifo/m_ram_reg_1_35 has WRITE_WIDTH_A set to 9 or less. The WEA[3:1] pins should not be connected to active signal.
Related violations: <none>

REQP-1773#40 Warning
RAMB36E2_WRITE_WIDTH_A_9_or_less_doesnt_use_WEA31  
The RAMB36E2 cell i_system_wrapper/system_i/axi_adrv9009_dacfifo/inst/i_mem_fifo/m_ram_reg_1_40 has WRITE_WIDTH_A set to 9 or less. The WEA[3:1] pins should not be connected to active signal.
Related violations: <none>

REQP-1773#41 Warning
RAMB36E2_WRITE_WIDTH_A_9_or_less_doesnt_use_WEA31  
The RAMB36E2 cell i_system_wrapper/system_i/axi_adrv9009_dacfifo/inst/i_mem_fifo/m_ram_reg_1_45 has WRITE_WIDTH_A set to 9 or less. The WEA[3:1] pins should not be connected to active signal.
Related violations: <none>

REQP-1773#42 Warning
RAMB36E2_WRITE_WIDTH_A_9_or_less_doesnt_use_WEA31  
The RAMB36E2 cell i_system_wrapper/system_i/axi_adrv9009_dacfifo/inst/i_mem_fifo/m_ram_reg_1_5 has WRITE_WIDTH_A set to 9 or less. The WEA[3:1] pins should not be connected to active signal.
Related violations: <none>

REQP-1773#43 Warning
RAMB36E2_WRITE_WIDTH_A_9_or_less_doesnt_use_WEA31  
The RAMB36E2 cell i_system_wrapper/system_i/axi_adrv9009_dacfifo/inst/i_mem_fifo/m_ram_reg_1_50 has WRITE_WIDTH_A set to 9 or less. The WEA[3:1] pins should not be connected to active signal.
Related violations: <none>

REQP-1773#44 Warning
RAMB36E2_WRITE_WIDTH_A_9_or_less_doesnt_use_WEA31  
The RAMB36E2 cell i_system_wrapper/system_i/axi_adrv9009_dacfifo/inst/i_mem_fifo/m_ram_reg_1_55 has WRITE_WIDTH_A set to 9 or less. The WEA[3:1] pins should not be connected to active signal.
Related violations: <none>

REQP-1773#45 Warning
RAMB36E2_WRITE_WIDTH_A_9_or_less_doesnt_use_WEA31  
The RAMB36E2 cell i_system_wrapper/system_i/axi_adrv9009_dacfifo/inst/i_mem_fifo/m_ram_reg_1_60 has WRITE_WIDTH_A set to 9 or less. The WEA[3:1] pins should not be connected to active signal.
Related violations: <none>

REQP-1773#46 Warning
RAMB36E2_WRITE_WIDTH_A_9_or_less_doesnt_use_WEA31  
The RAMB36E2 cell i_system_wrapper/system_i/axi_adrv9009_dacfifo/inst/i_mem_fifo/m_ram_reg_1_65 has WRITE_WIDTH_A set to 9 or less. The WEA[3:1] pins should not be connected to active signal.
Related violations: <none>

REQP-1773#47 Warning
RAMB36E2_WRITE_WIDTH_A_9_or_less_doesnt_use_WEA31  
The RAMB36E2 cell i_system_wrapper/system_i/axi_adrv9009_dacfifo/inst/i_mem_fifo/m_ram_reg_1_70 has WRITE_WIDTH_A set to 9 or less. The WEA[3:1] pins should not be connected to active signal.
Related violations: <none>

REQP-1773#48 Warning
RAMB36E2_WRITE_WIDTH_A_9_or_less_doesnt_use_WEA31  
The RAMB36E2 cell i_system_wrapper/system_i/axi_adrv9009_dacfifo/inst/i_mem_fifo/m_ram_reg_1_75 has WRITE_WIDTH_A set to 9 or less. The WEA[3:1] pins should not be connected to active signal.
Related violations: <none>

REQP-1773#49 Warning
RAMB36E2_WRITE_WIDTH_A_9_or_less_doesnt_use_WEA31  
The RAMB36E2 cell i_system_wrapper/system_i/axi_adrv9009_dacfifo/inst/i_mem_fifo/m_ram_reg_1_80 has WRITE_WIDTH_A set to 9 or less. The WEA[3:1] pins should not be connected to active signal.
Related violations: <none>

REQP-1773#50 Warning
RAMB36E2_WRITE_WIDTH_A_9_or_less_doesnt_use_WEA31  
The RAMB36E2 cell i_system_wrapper/system_i/axi_adrv9009_dacfifo/inst/i_mem_fifo/m_ram_reg_1_85 has WRITE_WIDTH_A set to 9 or less. The WEA[3:1] pins should not be connected to active signal.
Related violations: <none>

REQP-1773#51 Warning
RAMB36E2_WRITE_WIDTH_A_9_or_less_doesnt_use_WEA31  
The RAMB36E2 cell i_system_wrapper/system_i/axi_adrv9009_dacfifo/inst/i_mem_fifo/m_ram_reg_1_90 has WRITE_WIDTH_A set to 9 or less. The WEA[3:1] pins should not be connected to active signal.
Related violations: <none>

REQP-1773#52 Warning
RAMB36E2_WRITE_WIDTH_A_9_or_less_doesnt_use_WEA31  
The RAMB36E2 cell i_system_wrapper/system_i/axi_adrv9009_dacfifo/inst/i_mem_fifo/m_ram_reg_1_95 has WRITE_WIDTH_A set to 9 or less. The WEA[3:1] pins should not be connected to active signal.
Related violations: <none>

REQP-1773#53 Warning
RAMB36E2_WRITE_WIDTH_A_9_or_less_doesnt_use_WEA31  
The RAMB36E2 cell i_system_wrapper/system_i/axi_adrv9009_dacfifo/inst/i_mem_fifo/m_ram_reg_2_0 has WRITE_WIDTH_A set to 9 or less. The WEA[3:1] pins should not be connected to active signal.
Related violations: <none>

REQP-1773#54 Warning
RAMB36E2_WRITE_WIDTH_A_9_or_less_doesnt_use_WEA31  
The RAMB36E2 cell i_system_wrapper/system_i/axi_adrv9009_dacfifo/inst/i_mem_fifo/m_ram_reg_2_10 has WRITE_WIDTH_A set to 9 or less. The WEA[3:1] pins should not be connected to active signal.
Related violations: <none>

REQP-1773#55 Warning
RAMB36E2_WRITE_WIDTH_A_9_or_less_doesnt_use_WEA31  
The RAMB36E2 cell i_system_wrapper/system_i/axi_adrv9009_dacfifo/inst/i_mem_fifo/m_ram_reg_2_100 has WRITE_WIDTH_A set to 9 or less. The WEA[3:1] pins should not be connected to active signal.
Related violations: <none>

REQP-1773#56 Warning
RAMB36E2_WRITE_WIDTH_A_9_or_less_doesnt_use_WEA31  
The RAMB36E2 cell i_system_wrapper/system_i/axi_adrv9009_dacfifo/inst/i_mem_fifo/m_ram_reg_2_105 has WRITE_WIDTH_A set to 9 or less. The WEA[3:1] pins should not be connected to active signal.
Related violations: <none>

REQP-1773#57 Warning
RAMB36E2_WRITE_WIDTH_A_9_or_less_doesnt_use_WEA31  
The RAMB36E2 cell i_system_wrapper/system_i/axi_adrv9009_dacfifo/inst/i_mem_fifo/m_ram_reg_2_110 has WRITE_WIDTH_A set to 9 or less. The WEA[3:1] pins should not be connected to active signal.
Related violations: <none>

REQP-1773#58 Warning
RAMB36E2_WRITE_WIDTH_A_9_or_less_doesnt_use_WEA31  
The RAMB36E2 cell i_system_wrapper/system_i/axi_adrv9009_dacfifo/inst/i_mem_fifo/m_ram_reg_2_115 has WRITE_WIDTH_A set to 9 or less. The WEA[3:1] pins should not be connected to active signal.
Related violations: <none>

REQP-1773#59 Warning
RAMB36E2_WRITE_WIDTH_A_9_or_less_doesnt_use_WEA31  
The RAMB36E2 cell i_system_wrapper/system_i/axi_adrv9009_dacfifo/inst/i_mem_fifo/m_ram_reg_2_120 has WRITE_WIDTH_A set to 9 or less. The WEA[3:1] pins should not be connected to active signal.
Related violations: <none>

REQP-1773#60 Warning
RAMB36E2_WRITE_WIDTH_A_9_or_less_doesnt_use_WEA31  
The RAMB36E2 cell i_system_wrapper/system_i/axi_adrv9009_dacfifo/inst/i_mem_fifo/m_ram_reg_2_125 has WRITE_WIDTH_A set to 9 or less. The WEA[3:1] pins should not be connected to active signal.
Related violations: <none>

REQP-1773#61 Warning
RAMB36E2_WRITE_WIDTH_A_9_or_less_doesnt_use_WEA31  
The RAMB36E2 cell i_system_wrapper/system_i/axi_adrv9009_dacfifo/inst/i_mem_fifo/m_ram_reg_2_15 has WRITE_WIDTH_A set to 9 or less. The WEA[3:1] pins should not be connected to active signal.
Related violations: <none>

REQP-1773#62 Warning
RAMB36E2_WRITE_WIDTH_A_9_or_less_doesnt_use_WEA31  
The RAMB36E2 cell i_system_wrapper/system_i/axi_adrv9009_dacfifo/inst/i_mem_fifo/m_ram_reg_2_20 has WRITE_WIDTH_A set to 9 or less. The WEA[3:1] pins should not be connected to active signal.
Related violations: <none>

REQP-1773#63 Warning
RAMB36E2_WRITE_WIDTH_A_9_or_less_doesnt_use_WEA31  
The RAMB36E2 cell i_system_wrapper/system_i/axi_adrv9009_dacfifo/inst/i_mem_fifo/m_ram_reg_2_25 has WRITE_WIDTH_A set to 9 or less. The WEA[3:1] pins should not be connected to active signal.
Related violations: <none>

REQP-1773#64 Warning
RAMB36E2_WRITE_WIDTH_A_9_or_less_doesnt_use_WEA31  
The RAMB36E2 cell i_system_wrapper/system_i/axi_adrv9009_dacfifo/inst/i_mem_fifo/m_ram_reg_2_30 has WRITE_WIDTH_A set to 9 or less. The WEA[3:1] pins should not be connected to active signal.
Related violations: <none>

REQP-1773#65 Warning
RAMB36E2_WRITE_WIDTH_A_9_or_less_doesnt_use_WEA31  
The RAMB36E2 cell i_system_wrapper/system_i/axi_adrv9009_dacfifo/inst/i_mem_fifo/m_ram_reg_2_35 has WRITE_WIDTH_A set to 9 or less. The WEA[3:1] pins should not be connected to active signal.
Related violations: <none>

REQP-1773#66 Warning
RAMB36E2_WRITE_WIDTH_A_9_or_less_doesnt_use_WEA31  
The RAMB36E2 cell i_system_wrapper/system_i/axi_adrv9009_dacfifo/inst/i_mem_fifo/m_ram_reg_2_40 has WRITE_WIDTH_A set to 9 or less. The WEA[3:1] pins should not be connected to active signal.
Related violations: <none>

REQP-1773#67 Warning
RAMB36E2_WRITE_WIDTH_A_9_or_less_doesnt_use_WEA31  
The RAMB36E2 cell i_system_wrapper/system_i/axi_adrv9009_dacfifo/inst/i_mem_fifo/m_ram_reg_2_45 has WRITE_WIDTH_A set to 9 or less. The WEA[3:1] pins should not be connected to active signal.
Related violations: <none>

REQP-1773#68 Warning
RAMB36E2_WRITE_WIDTH_A_9_or_less_doesnt_use_WEA31  
The RAMB36E2 cell i_system_wrapper/system_i/axi_adrv9009_dacfifo/inst/i_mem_fifo/m_ram_reg_2_5 has WRITE_WIDTH_A set to 9 or less. The WEA[3:1] pins should not be connected to active signal.
Related violations: <none>

REQP-1773#69 Warning
RAMB36E2_WRITE_WIDTH_A_9_or_less_doesnt_use_WEA31  
The RAMB36E2 cell i_system_wrapper/system_i/axi_adrv9009_dacfifo/inst/i_mem_fifo/m_ram_reg_2_50 has WRITE_WIDTH_A set to 9 or less. The WEA[3:1] pins should not be connected to active signal.
Related violations: <none>

REQP-1773#70 Warning
RAMB36E2_WRITE_WIDTH_A_9_or_less_doesnt_use_WEA31  
The RAMB36E2 cell i_system_wrapper/system_i/axi_adrv9009_dacfifo/inst/i_mem_fifo/m_ram_reg_2_55 has WRITE_WIDTH_A set to 9 or less. The WEA[3:1] pins should not be connected to active signal.
Related violations: <none>

REQP-1773#71 Warning
RAMB36E2_WRITE_WIDTH_A_9_or_less_doesnt_use_WEA31  
The RAMB36E2 cell i_system_wrapper/system_i/axi_adrv9009_dacfifo/inst/i_mem_fifo/m_ram_reg_2_60 has WRITE_WIDTH_A set to 9 or less. The WEA[3:1] pins should not be connected to active signal.
Related violations: <none>

REQP-1773#72 Warning
RAMB36E2_WRITE_WIDTH_A_9_or_less_doesnt_use_WEA31  
The RAMB36E2 cell i_system_wrapper/system_i/axi_adrv9009_dacfifo/inst/i_mem_fifo/m_ram_reg_2_65 has WRITE_WIDTH_A set to 9 or less. The WEA[3:1] pins should not be connected to active signal.
Related violations: <none>

REQP-1773#73 Warning
RAMB36E2_WRITE_WIDTH_A_9_or_less_doesnt_use_WEA31  
The RAMB36E2 cell i_system_wrapper/system_i/axi_adrv9009_dacfifo/inst/i_mem_fifo/m_ram_reg_2_70 has WRITE_WIDTH_A set to 9 or less. The WEA[3:1] pins should not be connected to active signal.
Related violations: <none>

REQP-1773#74 Warning
RAMB36E2_WRITE_WIDTH_A_9_or_less_doesnt_use_WEA31  
The RAMB36E2 cell i_system_wrapper/system_i/axi_adrv9009_dacfifo/inst/i_mem_fifo/m_ram_reg_2_75 has WRITE_WIDTH_A set to 9 or less. The WEA[3:1] pins should not be connected to active signal.
Related violations: <none>

REQP-1773#75 Warning
RAMB36E2_WRITE_WIDTH_A_9_or_less_doesnt_use_WEA31  
The RAMB36E2 cell i_system_wrapper/system_i/axi_adrv9009_dacfifo/inst/i_mem_fifo/m_ram_reg_2_80 has WRITE_WIDTH_A set to 9 or less. The WEA[3:1] pins should not be connected to active signal.
Related violations: <none>

REQP-1773#76 Warning
RAMB36E2_WRITE_WIDTH_A_9_or_less_doesnt_use_WEA31  
The RAMB36E2 cell i_system_wrapper/system_i/axi_adrv9009_dacfifo/inst/i_mem_fifo/m_ram_reg_2_85 has WRITE_WIDTH_A set to 9 or less. The WEA[3:1] pins should not be connected to active signal.
Related violations: <none>

REQP-1773#77 Warning
RAMB36E2_WRITE_WIDTH_A_9_or_less_doesnt_use_WEA31  
The RAMB36E2 cell i_system_wrapper/system_i/axi_adrv9009_dacfifo/inst/i_mem_fifo/m_ram_reg_2_90 has WRITE_WIDTH_A set to 9 or less. The WEA[3:1] pins should not be connected to active signal.
Related violations: <none>

REQP-1773#78 Warning
RAMB36E2_WRITE_WIDTH_A_9_or_less_doesnt_use_WEA31  
The RAMB36E2 cell i_system_wrapper/system_i/axi_adrv9009_dacfifo/inst/i_mem_fifo/m_ram_reg_2_95 has WRITE_WIDTH_A set to 9 or less. The WEA[3:1] pins should not be connected to active signal.
Related violations: <none>

REQP-1773#79 Warning
RAMB36E2_WRITE_WIDTH_A_9_or_less_doesnt_use_WEA31  
The RAMB36E2 cell i_system_wrapper/system_i/axi_adrv9009_dacfifo/inst/i_mem_fifo/m_ram_reg_3_0 has WRITE_WIDTH_A set to 9 or less. The WEA[3:1] pins should not be connected to active signal.
Related violations: <none>

REQP-1773#80 Warning
RAMB36E2_WRITE_WIDTH_A_9_or_less_doesnt_use_WEA31  
The RAMB36E2 cell i_system_wrapper/system_i/axi_adrv9009_dacfifo/inst/i_mem_fifo/m_ram_reg_3_10 has WRITE_WIDTH_A set to 9 or less. The WEA[3:1] pins should not be connected to active signal.
Related violations: <none>

REQP-1773#81 Warning
RAMB36E2_WRITE_WIDTH_A_9_or_less_doesnt_use_WEA31  
The RAMB36E2 cell i_system_wrapper/system_i/axi_adrv9009_dacfifo/inst/i_mem_fifo/m_ram_reg_3_100 has WRITE_WIDTH_A set to 9 or less. The WEA[3:1] pins should not be connected to active signal.
Related violations: <none>

REQP-1773#82 Warning
RAMB36E2_WRITE_WIDTH_A_9_or_less_doesnt_use_WEA31  
The RAMB36E2 cell i_system_wrapper/system_i/axi_adrv9009_dacfifo/inst/i_mem_fifo/m_ram_reg_3_105 has WRITE_WIDTH_A set to 9 or less. The WEA[3:1] pins should not be connected to active signal.
Related violations: <none>

REQP-1773#83 Warning
RAMB36E2_WRITE_WIDTH_A_9_or_less_doesnt_use_WEA31  
The RAMB36E2 cell i_system_wrapper/system_i/axi_adrv9009_dacfifo/inst/i_mem_fifo/m_ram_reg_3_110 has WRITE_WIDTH_A set to 9 or less. The WEA[3:1] pins should not be connected to active signal.
Related violations: <none>

REQP-1773#84 Warning
RAMB36E2_WRITE_WIDTH_A_9_or_less_doesnt_use_WEA31  
The RAMB36E2 cell i_system_wrapper/system_i/axi_adrv9009_dacfifo/inst/i_mem_fifo/m_ram_reg_3_115 has WRITE_WIDTH_A set to 9 or less. The WEA[3:1] pins should not be connected to active signal.
Related violations: <none>

REQP-1773#85 Warning
RAMB36E2_WRITE_WIDTH_A_9_or_less_doesnt_use_WEA31  
The RAMB36E2 cell i_system_wrapper/system_i/axi_adrv9009_dacfifo/inst/i_mem_fifo/m_ram_reg_3_120 has WRITE_WIDTH_A set to 9 or less. The WEA[3:1] pins should not be connected to active signal.
Related violations: <none>

REQP-1773#86 Warning
RAMB36E2_WRITE_WIDTH_A_9_or_less_doesnt_use_WEA31  
The RAMB36E2 cell i_system_wrapper/system_i/axi_adrv9009_dacfifo/inst/i_mem_fifo/m_ram_reg_3_125 has WRITE_WIDTH_A set to 9 or less. The WEA[3:1] pins should not be connected to active signal.
Related violations: <none>

REQP-1773#87 Warning
RAMB36E2_WRITE_WIDTH_A_9_or_less_doesnt_use_WEA31  
The RAMB36E2 cell i_system_wrapper/system_i/axi_adrv9009_dacfifo/inst/i_mem_fifo/m_ram_reg_3_15 has WRITE_WIDTH_A set to 9 or less. The WEA[3:1] pins should not be connected to active signal.
Related violations: <none>

REQP-1773#88 Warning
RAMB36E2_WRITE_WIDTH_A_9_or_less_doesnt_use_WEA31  
The RAMB36E2 cell i_system_wrapper/system_i/axi_adrv9009_dacfifo/inst/i_mem_fifo/m_ram_reg_3_20 has WRITE_WIDTH_A set to 9 or less. The WEA[3:1] pins should not be connected to active signal.
Related violations: <none>

REQP-1773#89 Warning
RAMB36E2_WRITE_WIDTH_A_9_or_less_doesnt_use_WEA31  
The RAMB36E2 cell i_system_wrapper/system_i/axi_adrv9009_dacfifo/inst/i_mem_fifo/m_ram_reg_3_25 has WRITE_WIDTH_A set to 9 or less. The WEA[3:1] pins should not be connected to active signal.
Related violations: <none>

REQP-1773#90 Warning
RAMB36E2_WRITE_WIDTH_A_9_or_less_doesnt_use_WEA31  
The RAMB36E2 cell i_system_wrapper/system_i/axi_adrv9009_dacfifo/inst/i_mem_fifo/m_ram_reg_3_30 has WRITE_WIDTH_A set to 9 or less. The WEA[3:1] pins should not be connected to active signal.
Related violations: <none>

REQP-1773#91 Warning
RAMB36E2_WRITE_WIDTH_A_9_or_less_doesnt_use_WEA31  
The RAMB36E2 cell i_system_wrapper/system_i/axi_adrv9009_dacfifo/inst/i_mem_fifo/m_ram_reg_3_35 has WRITE_WIDTH_A set to 9 or less. The WEA[3:1] pins should not be connected to active signal.
Related violations: <none>

REQP-1773#92 Warning
RAMB36E2_WRITE_WIDTH_A_9_or_less_doesnt_use_WEA31  
The RAMB36E2 cell i_system_wrapper/system_i/axi_adrv9009_dacfifo/inst/i_mem_fifo/m_ram_reg_3_40 has WRITE_WIDTH_A set to 9 or less. The WEA[3:1] pins should not be connected to active signal.
Related violations: <none>

REQP-1773#93 Warning
RAMB36E2_WRITE_WIDTH_A_9_or_less_doesnt_use_WEA31  
The RAMB36E2 cell i_system_wrapper/system_i/axi_adrv9009_dacfifo/inst/i_mem_fifo/m_ram_reg_3_45 has WRITE_WIDTH_A set to 9 or less. The WEA[3:1] pins should not be connected to active signal.
Related violations: <none>

REQP-1773#94 Warning
RAMB36E2_WRITE_WIDTH_A_9_or_less_doesnt_use_WEA31  
The RAMB36E2 cell i_system_wrapper/system_i/axi_adrv9009_dacfifo/inst/i_mem_fifo/m_ram_reg_3_5 has WRITE_WIDTH_A set to 9 or less. The WEA[3:1] pins should not be connected to active signal.
Related violations: <none>

REQP-1773#95 Warning
RAMB36E2_WRITE_WIDTH_A_9_or_less_doesnt_use_WEA31  
The RAMB36E2 cell i_system_wrapper/system_i/axi_adrv9009_dacfifo/inst/i_mem_fifo/m_ram_reg_3_50 has WRITE_WIDTH_A set to 9 or less. The WEA[3:1] pins should not be connected to active signal.
Related violations: <none>

REQP-1773#96 Warning
RAMB36E2_WRITE_WIDTH_A_9_or_less_doesnt_use_WEA31  
The RAMB36E2 cell i_system_wrapper/system_i/axi_adrv9009_dacfifo/inst/i_mem_fifo/m_ram_reg_3_55 has WRITE_WIDTH_A set to 9 or less. The WEA[3:1] pins should not be connected to active signal.
Related violations: <none>

REQP-1773#97 Warning
RAMB36E2_WRITE_WIDTH_A_9_or_less_doesnt_use_WEA31  
The RAMB36E2 cell i_system_wrapper/system_i/axi_adrv9009_dacfifo/inst/i_mem_fifo/m_ram_reg_3_60 has WRITE_WIDTH_A set to 9 or less. The WEA[3:1] pins should not be connected to active signal.
Related violations: <none>

REQP-1773#98 Warning
RAMB36E2_WRITE_WIDTH_A_9_or_less_doesnt_use_WEA31  
The RAMB36E2 cell i_system_wrapper/system_i/axi_adrv9009_dacfifo/inst/i_mem_fifo/m_ram_reg_3_65 has WRITE_WIDTH_A set to 9 or less. The WEA[3:1] pins should not be connected to active signal.
Related violations: <none>

REQP-1773#99 Warning
RAMB36E2_WRITE_WIDTH_A_9_or_less_doesnt_use_WEA31  
The RAMB36E2 cell i_system_wrapper/system_i/axi_adrv9009_dacfifo/inst/i_mem_fifo/m_ram_reg_3_70 has WRITE_WIDTH_A set to 9 or less. The WEA[3:1] pins should not be connected to active signal.
Related violations: <none>

REQP-1773#100 Warning
RAMB36E2_WRITE_WIDTH_A_9_or_less_doesnt_use_WEA31  
The RAMB36E2 cell i_system_wrapper/system_i/axi_adrv9009_dacfifo/inst/i_mem_fifo/m_ram_reg_3_75 has WRITE_WIDTH_A set to 9 or less. The WEA[3:1] pins should not be connected to active signal.
Related violations: <none>

REQP-1773#101 Warning
RAMB36E2_WRITE_WIDTH_A_9_or_less_doesnt_use_WEA31  
The RAMB36E2 cell i_system_wrapper/system_i/axi_adrv9009_dacfifo/inst/i_mem_fifo/m_ram_reg_3_80 has WRITE_WIDTH_A set to 9 or less. The WEA[3:1] pins should not be connected to active signal.
Related violations: <none>

REQP-1773#102 Warning
RAMB36E2_WRITE_WIDTH_A_9_or_less_doesnt_use_WEA31  
The RAMB36E2 cell i_system_wrapper/system_i/axi_adrv9009_dacfifo/inst/i_mem_fifo/m_ram_reg_3_85 has WRITE_WIDTH_A set to 9 or less. The WEA[3:1] pins should not be connected to active signal.
Related violations: <none>

REQP-1773#103 Warning
RAMB36E2_WRITE_WIDTH_A_9_or_less_doesnt_use_WEA31  
The RAMB36E2 cell i_system_wrapper/system_i/axi_adrv9009_dacfifo/inst/i_mem_fifo/m_ram_reg_3_90 has WRITE_WIDTH_A set to 9 or less. The WEA[3:1] pins should not be connected to active signal.
Related violations: <none>

REQP-1773#104 Warning
RAMB36E2_WRITE_WIDTH_A_9_or_less_doesnt_use_WEA31  
The RAMB36E2 cell i_system_wrapper/system_i/axi_adrv9009_dacfifo/inst/i_mem_fifo/m_ram_reg_3_95 has WRITE_WIDTH_A set to 9 or less. The WEA[3:1] pins should not be connected to active signal.
Related violations: <none>

AVAL-155#1 Advisory
enum_AMULTSEL_BMULTSEL_enum_DREG_ADREG_0_connects_CED_CEAD_RSTD_GND  
i_system_wrapper/system_i/tx_adrv9009_tpl_core/tpl_core/inst/i_core/g_channel[0].i_channel/i_dds/dds_phase[1].i_dds_2/i_dds_1_0/i_dds_scale/i_mult_macro/MULT_MACRO.dsp_v5_1.DSP48_V5_1: DSP48E2 is not using the D port (AMULTSEL = A and BMULTSEL = B). For improved power characteristics, set DREG and ADREG to '1', tie CED, CEAD, and RSTD to logic '0'.
Related violations: <none>

AVAL-155#2 Advisory
enum_AMULTSEL_BMULTSEL_enum_DREG_ADREG_0_connects_CED_CEAD_RSTD_GND  
i_system_wrapper/system_i/tx_adrv9009_tpl_core/tpl_core/inst/i_core/g_channel[0].i_channel/i_dds/dds_phase[1].i_dds_2/i_dds_1_1/i_dds_scale/i_mult_macro/MULT_MACRO.dsp_v5_1.DSP48_V5_1: DSP48E2 is not using the D port (AMULTSEL = A and BMULTSEL = B). For improved power characteristics, set DREG and ADREG to '1', tie CED, CEAD, and RSTD to logic '0'.
Related violations: <none>

AVAL-155#3 Advisory
enum_AMULTSEL_BMULTSEL_enum_DREG_ADREG_0_connects_CED_CEAD_RSTD_GND  
i_system_wrapper/system_i/tx_adrv9009_tpl_core/tpl_core/inst/i_core/g_channel[0].i_channel/i_dds/dds_phase[2].i_dds_2/i_dds_1_0/i_dds_scale/i_mult_macro/MULT_MACRO.dsp_v5_1.DSP48_V5_1: DSP48E2 is not using the D port (AMULTSEL = A and BMULTSEL = B). For improved power characteristics, set DREG and ADREG to '1', tie CED, CEAD, and RSTD to logic '0'.
Related violations: <none>

AVAL-155#4 Advisory
enum_AMULTSEL_BMULTSEL_enum_DREG_ADREG_0_connects_CED_CEAD_RSTD_GND  
i_system_wrapper/system_i/tx_adrv9009_tpl_core/tpl_core/inst/i_core/g_channel[0].i_channel/i_dds/dds_phase[2].i_dds_2/i_dds_1_1/i_dds_scale/i_mult_macro/MULT_MACRO.dsp_v5_1.DSP48_V5_1: DSP48E2 is not using the D port (AMULTSEL = A and BMULTSEL = B). For improved power characteristics, set DREG and ADREG to '1', tie CED, CEAD, and RSTD to logic '0'.
Related violations: <none>

AVAL-155#5 Advisory
enum_AMULTSEL_BMULTSEL_enum_DREG_ADREG_0_connects_CED_CEAD_RSTD_GND  
i_system_wrapper/system_i/tx_adrv9009_tpl_core/tpl_core/inst/i_core/g_channel[1].i_channel/i_dds/dds_phase[1].i_dds_2/i_dds_1_0/i_dds_scale/i_mult_macro/MULT_MACRO.dsp_v5_1.DSP48_V5_1: DSP48E2 is not using the D port (AMULTSEL = A and BMULTSEL = B). For improved power characteristics, set DREG and ADREG to '1', tie CED, CEAD, and RSTD to logic '0'.
Related violations: <none>

AVAL-155#6 Advisory
enum_AMULTSEL_BMULTSEL_enum_DREG_ADREG_0_connects_CED_CEAD_RSTD_GND  
i_system_wrapper/system_i/tx_adrv9009_tpl_core/tpl_core/inst/i_core/g_channel[1].i_channel/i_dds/dds_phase[1].i_dds_2/i_dds_1_1/i_dds_scale/i_mult_macro/MULT_MACRO.dsp_v5_1.DSP48_V5_1: DSP48E2 is not using the D port (AMULTSEL = A and BMULTSEL = B). For improved power characteristics, set DREG and ADREG to '1', tie CED, CEAD, and RSTD to logic '0'.
Related violations: <none>

AVAL-155#7 Advisory
enum_AMULTSEL_BMULTSEL_enum_DREG_ADREG_0_connects_CED_CEAD_RSTD_GND  
i_system_wrapper/system_i/tx_adrv9009_tpl_core/tpl_core/inst/i_core/g_channel[1].i_channel/i_dds/dds_phase[2].i_dds_2/i_dds_1_0/i_dds_scale/i_mult_macro/MULT_MACRO.dsp_v5_1.DSP48_V5_1: DSP48E2 is not using the D port (AMULTSEL = A and BMULTSEL = B). For improved power characteristics, set DREG and ADREG to '1', tie CED, CEAD, and RSTD to logic '0'.
Related violations: <none>

AVAL-155#8 Advisory
enum_AMULTSEL_BMULTSEL_enum_DREG_ADREG_0_connects_CED_CEAD_RSTD_GND  
i_system_wrapper/system_i/tx_adrv9009_tpl_core/tpl_core/inst/i_core/g_channel[1].i_channel/i_dds/dds_phase[2].i_dds_2/i_dds_1_1/i_dds_scale/i_mult_macro/MULT_MACRO.dsp_v5_1.DSP48_V5_1: DSP48E2 is not using the D port (AMULTSEL = A and BMULTSEL = B). For improved power characteristics, set DREG and ADREG to '1', tie CED, CEAD, and RSTD to logic '0'.
Related violations: <none>

AVAL-155#9 Advisory
enum_AMULTSEL_BMULTSEL_enum_DREG_ADREG_0_connects_CED_CEAD_RSTD_GND  
i_system_wrapper/system_i/tx_adrv9009_tpl_core/tpl_core/inst/i_core/g_channel[2].i_channel/i_dds/dds_phase[1].i_dds_2/i_dds_1_0/i_dds_scale/i_mult_macro/MULT_MACRO.dsp_v5_1.DSP48_V5_1: DSP48E2 is not using the D port (AMULTSEL = A and BMULTSEL = B). For improved power characteristics, set DREG and ADREG to '1', tie CED, CEAD, and RSTD to logic '0'.
Related violations: <none>

AVAL-155#10 Advisory
enum_AMULTSEL_BMULTSEL_enum_DREG_ADREG_0_connects_CED_CEAD_RSTD_GND  
i_system_wrapper/system_i/tx_adrv9009_tpl_core/tpl_core/inst/i_core/g_channel[2].i_channel/i_dds/dds_phase[1].i_dds_2/i_dds_1_1/i_dds_scale/i_mult_macro/MULT_MACRO.dsp_v5_1.DSP48_V5_1: DSP48E2 is not using the D port (AMULTSEL = A and BMULTSEL = B). For improved power characteristics, set DREG and ADREG to '1', tie CED, CEAD, and RSTD to logic '0'.
Related violations: <none>

AVAL-155#11 Advisory
enum_AMULTSEL_BMULTSEL_enum_DREG_ADREG_0_connects_CED_CEAD_RSTD_GND  
i_system_wrapper/system_i/tx_adrv9009_tpl_core/tpl_core/inst/i_core/g_channel[2].i_channel/i_dds/dds_phase[2].i_dds_2/i_dds_1_0/i_dds_scale/i_mult_macro/MULT_MACRO.dsp_v5_1.DSP48_V5_1: DSP48E2 is not using the D port (AMULTSEL = A and BMULTSEL = B). For improved power characteristics, set DREG and ADREG to '1', tie CED, CEAD, and RSTD to logic '0'.
Related violations: <none>

AVAL-155#12 Advisory
enum_AMULTSEL_BMULTSEL_enum_DREG_ADREG_0_connects_CED_CEAD_RSTD_GND  
i_system_wrapper/system_i/tx_adrv9009_tpl_core/tpl_core/inst/i_core/g_channel[2].i_channel/i_dds/dds_phase[2].i_dds_2/i_dds_1_1/i_dds_scale/i_mult_macro/MULT_MACRO.dsp_v5_1.DSP48_V5_1: DSP48E2 is not using the D port (AMULTSEL = A and BMULTSEL = B). For improved power characteristics, set DREG and ADREG to '1', tie CED, CEAD, and RSTD to logic '0'.
Related violations: <none>

AVAL-155#13 Advisory
enum_AMULTSEL_BMULTSEL_enum_DREG_ADREG_0_connects_CED_CEAD_RSTD_GND  
i_system_wrapper/system_i/tx_adrv9009_tpl_core/tpl_core/inst/i_core/g_channel[3].i_channel/i_dds/dds_phase[1].i_dds_2/i_dds_1_0/i_dds_scale/i_mult_macro/MULT_MACRO.dsp_v5_1.DSP48_V5_1: DSP48E2 is not using the D port (AMULTSEL = A and BMULTSEL = B). For improved power characteristics, set DREG and ADREG to '1', tie CED, CEAD, and RSTD to logic '0'.
Related violations: <none>

AVAL-155#14 Advisory
enum_AMULTSEL_BMULTSEL_enum_DREG_ADREG_0_connects_CED_CEAD_RSTD_GND  
i_system_wrapper/system_i/tx_adrv9009_tpl_core/tpl_core/inst/i_core/g_channel[3].i_channel/i_dds/dds_phase[1].i_dds_2/i_dds_1_1/i_dds_scale/i_mult_macro/MULT_MACRO.dsp_v5_1.DSP48_V5_1: DSP48E2 is not using the D port (AMULTSEL = A and BMULTSEL = B). For improved power characteristics, set DREG and ADREG to '1', tie CED, CEAD, and RSTD to logic '0'.
Related violations: <none>

AVAL-155#15 Advisory
enum_AMULTSEL_BMULTSEL_enum_DREG_ADREG_0_connects_CED_CEAD_RSTD_GND  
i_system_wrapper/system_i/tx_adrv9009_tpl_core/tpl_core/inst/i_core/g_channel[3].i_channel/i_dds/dds_phase[2].i_dds_2/i_dds_1_0/i_dds_scale/i_mult_macro/MULT_MACRO.dsp_v5_1.DSP48_V5_1: DSP48E2 is not using the D port (AMULTSEL = A and BMULTSEL = B). For improved power characteristics, set DREG and ADREG to '1', tie CED, CEAD, and RSTD to logic '0'.
Related violations: <none>

AVAL-155#16 Advisory
enum_AMULTSEL_BMULTSEL_enum_DREG_ADREG_0_connects_CED_CEAD_RSTD_GND  
i_system_wrapper/system_i/tx_adrv9009_tpl_core/tpl_core/inst/i_core/g_channel[3].i_channel/i_dds/dds_phase[2].i_dds_2/i_dds_1_1/i_dds_scale/i_mult_macro/MULT_MACRO.dsp_v5_1.DSP48_V5_1: DSP48E2 is not using the D port (AMULTSEL = A and BMULTSEL = B). For improved power characteristics, set DREG and ADREG to '1', tie CED, CEAD, and RSTD to logic '0'.
Related violations: <none>

REQP-1677#1 Advisory
enum_USE_MULT_NONE_connects_CEM_GND  
i_system_wrapper/system_i/tx_fir_interpolator/fir_interpolation_0/U0/i_synth/g_polyphase_interpolation.i_polyphase_interpolation/g_parallel.g_paths[0].g_symmetric.g_accum.i_accum/i_add_accum/g_dsp48.g_dsp48e2.i_dsp48e2: When the DSP48E2 USE_MULT attribute is set to NONE, the CEM input pin should be tied to GND to save power.
Related violations: <none>

REQP-1677#2 Advisory
enum_USE_MULT_NONE_connects_CEM_GND  
i_system_wrapper/system_i/tx_fir_interpolator/fir_interpolation_0/U0/i_synth/g_polyphase_interpolation.i_polyphase_interpolation/g_parallel.g_paths[1].g_symmetric.g_accum.i_accum/i_add_accum/g_dsp48.g_dsp48e2.i_dsp48e2: When the DSP48E2 USE_MULT attribute is set to NONE, the CEM input pin should be tied to GND to save power.
Related violations: <none>

REQP-1677#3 Advisory
enum_USE_MULT_NONE_connects_CEM_GND  
i_system_wrapper/system_i/tx_fir_interpolator/fir_interpolation_1/U0/i_synth/g_polyphase_interpolation.i_polyphase_interpolation/g_parallel.g_paths[0].g_symmetric.g_accum.i_accum/i_add_accum/g_dsp48.g_dsp48e2.i_dsp48e2: When the DSP48E2 USE_MULT attribute is set to NONE, the CEM input pin should be tied to GND to save power.
Related violations: <none>

REQP-1677#4 Advisory
enum_USE_MULT_NONE_connects_CEM_GND  
i_system_wrapper/system_i/tx_fir_interpolator/fir_interpolation_1/U0/i_synth/g_polyphase_interpolation.i_polyphase_interpolation/g_parallel.g_paths[1].g_symmetric.g_accum.i_accum/i_add_accum/g_dsp48.g_dsp48e2.i_dsp48e2: When the DSP48E2 USE_MULT attribute is set to NONE, the CEM input pin should be tied to GND to save power.
Related violations: <none>

REQP-1677#5 Advisory
enum_USE_MULT_NONE_connects_CEM_GND  
i_system_wrapper/system_i/tx_fir_interpolator/fir_interpolation_2/U0/i_synth/g_polyphase_interpolation.i_polyphase_interpolation/g_parallel.g_paths[0].g_symmetric.g_accum.i_accum/i_add_accum/g_dsp48.g_dsp48e2.i_dsp48e2: When the DSP48E2 USE_MULT attribute is set to NONE, the CEM input pin should be tied to GND to save power.
Related violations: <none>

REQP-1677#6 Advisory
enum_USE_MULT_NONE_connects_CEM_GND  
i_system_wrapper/system_i/tx_fir_interpolator/fir_interpolation_2/U0/i_synth/g_polyphase_interpolation.i_polyphase_interpolation/g_parallel.g_paths[1].g_symmetric.g_accum.i_accum/i_add_accum/g_dsp48.g_dsp48e2.i_dsp48e2: When the DSP48E2 USE_MULT attribute is set to NONE, the CEM input pin should be tied to GND to save power.
Related violations: <none>

REQP-1677#7 Advisory
enum_USE_MULT_NONE_connects_CEM_GND  
i_system_wrapper/system_i/tx_fir_interpolator/fir_interpolation_3/U0/i_synth/g_polyphase_interpolation.i_polyphase_interpolation/g_parallel.g_paths[0].g_symmetric.g_accum.i_accum/i_add_accum/g_dsp48.g_dsp48e2.i_dsp48e2: When the DSP48E2 USE_MULT attribute is set to NONE, the CEM input pin should be tied to GND to save power.
Related violations: <none>

REQP-1677#8 Advisory
enum_USE_MULT_NONE_connects_CEM_GND  
i_system_wrapper/system_i/tx_fir_interpolator/fir_interpolation_3/U0/i_synth/g_polyphase_interpolation.i_polyphase_interpolation/g_parallel.g_paths[1].g_symmetric.g_accum.i_accum/i_add_accum/g_dsp48.g_dsp48e2.i_dsp48e2: When the DSP48E2 USE_MULT attribute is set to NONE, the CEM input pin should be tied to GND to save power.
Related violations: <none>

REQP-1679#1 Advisory
enum_MREG_0_connects_CEM_GND  
i_system_wrapper/system_i/tx_fir_interpolator/fir_interpolation_0/U0/i_synth/g_polyphase_interpolation.i_polyphase_interpolation/g_parallel.g_paths[0].g_symmetric.g_accum.i_accum/i_add_accum/g_dsp48.g_dsp48e2.i_dsp48e2: When the DSP48E2 MREG attribute is set to 0, the CEM input pin should be tied to GND to save power.
Related violations: <none>

REQP-1679#2 Advisory
enum_MREG_0_connects_CEM_GND  
i_system_wrapper/system_i/tx_fir_interpolator/fir_interpolation_0/U0/i_synth/g_polyphase_interpolation.i_polyphase_interpolation/g_parallel.g_paths[1].g_symmetric.g_accum.i_accum/i_add_accum/g_dsp48.g_dsp48e2.i_dsp48e2: When the DSP48E2 MREG attribute is set to 0, the CEM input pin should be tied to GND to save power.
Related violations: <none>

REQP-1679#3 Advisory
enum_MREG_0_connects_CEM_GND  
i_system_wrapper/system_i/tx_fir_interpolator/fir_interpolation_1/U0/i_synth/g_polyphase_interpolation.i_polyphase_interpolation/g_parallel.g_paths[0].g_symmetric.g_accum.i_accum/i_add_accum/g_dsp48.g_dsp48e2.i_dsp48e2: When the DSP48E2 MREG attribute is set to 0, the CEM input pin should be tied to GND to save power.
Related violations: <none>

REQP-1679#4 Advisory
enum_MREG_0_connects_CEM_GND  
i_system_wrapper/system_i/tx_fir_interpolator/fir_interpolation_1/U0/i_synth/g_polyphase_interpolation.i_polyphase_interpolation/g_parallel.g_paths[1].g_symmetric.g_accum.i_accum/i_add_accum/g_dsp48.g_dsp48e2.i_dsp48e2: When the DSP48E2 MREG attribute is set to 0, the CEM input pin should be tied to GND to save power.
Related violations: <none>

REQP-1679#5 Advisory
enum_MREG_0_connects_CEM_GND  
i_system_wrapper/system_i/tx_fir_interpolator/fir_interpolation_2/U0/i_synth/g_polyphase_interpolation.i_polyphase_interpolation/g_parallel.g_paths[0].g_symmetric.g_accum.i_accum/i_add_accum/g_dsp48.g_dsp48e2.i_dsp48e2: When the DSP48E2 MREG attribute is set to 0, the CEM input pin should be tied to GND to save power.
Related violations: <none>

REQP-1679#6 Advisory
enum_MREG_0_connects_CEM_GND  
i_system_wrapper/system_i/tx_fir_interpolator/fir_interpolation_2/U0/i_synth/g_polyphase_interpolation.i_polyphase_interpolation/g_parallel.g_paths[1].g_symmetric.g_accum.i_accum/i_add_accum/g_dsp48.g_dsp48e2.i_dsp48e2: When the DSP48E2 MREG attribute is set to 0, the CEM input pin should be tied to GND to save power.
Related violations: <none>

REQP-1679#7 Advisory
enum_MREG_0_connects_CEM_GND  
i_system_wrapper/system_i/tx_fir_interpolator/fir_interpolation_3/U0/i_synth/g_polyphase_interpolation.i_polyphase_interpolation/g_parallel.g_paths[0].g_symmetric.g_accum.i_accum/i_add_accum/g_dsp48.g_dsp48e2.i_dsp48e2: When the DSP48E2 MREG attribute is set to 0, the CEM input pin should be tied to GND to save power.
Related violations: <none>

REQP-1679#8 Advisory
enum_MREG_0_connects_CEM_GND  
i_system_wrapper/system_i/tx_fir_interpolator/fir_interpolation_3/U0/i_synth/g_polyphase_interpolation.i_polyphase_interpolation/g_parallel.g_paths[1].g_symmetric.g_accum.i_accum/i_add_accum/g_dsp48.g_dsp48e2.i_dsp48e2: When the DSP48E2 MREG attribute is set to 0, the CEM input pin should be tied to GND to save power.
Related violations: <none>

REQP-1681#1 Advisory
with_OPMODE_USE_MULT_NONE  
i_system_wrapper/system_i/rx_fir_decimator/fir_decimation_0/U0/i_synth/g_polyphase_decimation.i_polyphase_decimation/g_parallel.g_paths[0].g_rounder.i_rounder/i_rounder/g_dsp48.g_dsp48e2.i_dsp48e2: To save power with this DSP48E2 OPMODE input pin programming the USE_MULT attribute should be set to NONE.
Related violations: <none>

REQP-1681#2 Advisory
with_OPMODE_USE_MULT_NONE  
i_system_wrapper/system_i/rx_fir_decimator/fir_decimation_1/U0/i_synth/g_polyphase_decimation.i_polyphase_decimation/g_parallel.g_paths[0].g_rounder.i_rounder/i_rounder/g_dsp48.g_dsp48e2.i_dsp48e2: To save power with this DSP48E2 OPMODE input pin programming the USE_MULT attribute should be set to NONE.
Related violations: <none>

REQP-1681#3 Advisory
with_OPMODE_USE_MULT_NONE  
i_system_wrapper/system_i/rx_fir_decimator/fir_decimation_2/U0/i_synth/g_polyphase_decimation.i_polyphase_decimation/g_parallel.g_paths[0].g_rounder.i_rounder/i_rounder/g_dsp48.g_dsp48e2.i_dsp48e2: To save power with this DSP48E2 OPMODE input pin programming the USE_MULT attribute should be set to NONE.
Related violations: <none>

REQP-1681#4 Advisory
with_OPMODE_USE_MULT_NONE  
i_system_wrapper/system_i/rx_fir_decimator/fir_decimation_3/U0/i_synth/g_polyphase_decimation.i_polyphase_decimation/g_parallel.g_paths[0].g_rounder.i_rounder/i_rounder/g_dsp48.g_dsp48e2.i_dsp48e2: To save power with this DSP48E2 OPMODE input pin programming the USE_MULT attribute should be set to NONE.
Related violations: <none>

REQP-1681#5 Advisory
with_OPMODE_USE_MULT_NONE  
i_system_wrapper/system_i/tx_fir_interpolator/fir_interpolation_0/U0/i_synth/g_polyphase_interpolation.i_polyphase_interpolation/g_parallel.g_paths[0].g_rounder.i_rounder/i_rounder/g_dsp48.g_dsp48e2.i_dsp48e2: To save power with this DSP48E2 OPMODE input pin programming the USE_MULT attribute should be set to NONE.
Related violations: <none>

REQP-1681#6 Advisory
with_OPMODE_USE_MULT_NONE  
i_system_wrapper/system_i/tx_fir_interpolator/fir_interpolation_0/U0/i_synth/g_polyphase_interpolation.i_polyphase_interpolation/g_parallel.g_paths[1].g_rounder.i_rounder/i_rounder/g_dsp48.g_dsp48e2.i_dsp48e2: To save power with this DSP48E2 OPMODE input pin programming the USE_MULT attribute should be set to NONE.
Related violations: <none>

REQP-1681#7 Advisory
with_OPMODE_USE_MULT_NONE  
i_system_wrapper/system_i/tx_fir_interpolator/fir_interpolation_1/U0/i_synth/g_polyphase_interpolation.i_polyphase_interpolation/g_parallel.g_paths[0].g_rounder.i_rounder/i_rounder/g_dsp48.g_dsp48e2.i_dsp48e2: To save power with this DSP48E2 OPMODE input pin programming the USE_MULT attribute should be set to NONE.
Related violations: <none>

REQP-1681#8 Advisory
with_OPMODE_USE_MULT_NONE  
i_system_wrapper/system_i/tx_fir_interpolator/fir_interpolation_1/U0/i_synth/g_polyphase_interpolation.i_polyphase_interpolation/g_parallel.g_paths[1].g_rounder.i_rounder/i_rounder/g_dsp48.g_dsp48e2.i_dsp48e2: To save power with this DSP48E2 OPMODE input pin programming the USE_MULT attribute should be set to NONE.
Related violations: <none>

REQP-1681#9 Advisory
with_OPMODE_USE_MULT_NONE  
i_system_wrapper/system_i/tx_fir_interpolator/fir_interpolation_2/U0/i_synth/g_polyphase_interpolation.i_polyphase_interpolation/g_parallel.g_paths[0].g_rounder.i_rounder/i_rounder/g_dsp48.g_dsp48e2.i_dsp48e2: To save power with this DSP48E2 OPMODE input pin programming the USE_MULT attribute should be set to NONE.
Related violations: <none>

REQP-1681#10 Advisory
with_OPMODE_USE_MULT_NONE  
i_system_wrapper/system_i/tx_fir_interpolator/fir_interpolation_2/U0/i_synth/g_polyphase_interpolation.i_polyphase_interpolation/g_parallel.g_paths[1].g_rounder.i_rounder/i_rounder/g_dsp48.g_dsp48e2.i_dsp48e2: To save power with this DSP48E2 OPMODE input pin programming the USE_MULT attribute should be set to NONE.
Related violations: <none>

REQP-1681#11 Advisory
with_OPMODE_USE_MULT_NONE  
i_system_wrapper/system_i/tx_fir_interpolator/fir_interpolation_3/U0/i_synth/g_polyphase_interpolation.i_polyphase_interpolation/g_parallel.g_paths[0].g_rounder.i_rounder/i_rounder/g_dsp48.g_dsp48e2.i_dsp48e2: To save power with this DSP48E2 OPMODE input pin programming the USE_MULT attribute should be set to NONE.
Related violations: <none>

REQP-1681#12 Advisory
with_OPMODE_USE_MULT_NONE  
i_system_wrapper/system_i/tx_fir_interpolator/fir_interpolation_3/U0/i_synth/g_polyphase_interpolation.i_polyphase_interpolation/g_parallel.g_paths[1].g_rounder.i_rounder/i_rounder/g_dsp48.g_dsp48e2.i_dsp48e2: To save power with this DSP48E2 OPMODE input pin programming the USE_MULT attribute should be set to NONE.
Related violations: <none>

REQP-1701#1 Advisory
enum_DREG_0_connects_CED_GND  
i_system_wrapper/system_i/tx_adrv9009_tpl_core/tpl_core/inst/i_core/g_channel[0].i_channel/i_dds/dds_phase[1].i_dds_2/i_dds_1_0/i_dds_scale/i_mult_macro/MULT_MACRO.dsp_v5_1.DSP48_V5_1: When the DSP48E2 DREG attribute is set to 0, the CED input pin should be tied to GND to save power.
Related violations: <none>

REQP-1701#2 Advisory
enum_DREG_0_connects_CED_GND  
i_system_wrapper/system_i/tx_adrv9009_tpl_core/tpl_core/inst/i_core/g_channel[0].i_channel/i_dds/dds_phase[1].i_dds_2/i_dds_1_1/i_dds_scale/i_mult_macro/MULT_MACRO.dsp_v5_1.DSP48_V5_1: When the DSP48E2 DREG attribute is set to 0, the CED input pin should be tied to GND to save power.
Related violations: <none>

REQP-1701#3 Advisory
enum_DREG_0_connects_CED_GND  
i_system_wrapper/system_i/tx_adrv9009_tpl_core/tpl_core/inst/i_core/g_channel[0].i_channel/i_dds/dds_phase[2].i_dds_2/i_dds_1_0/i_dds_scale/i_mult_macro/MULT_MACRO.dsp_v5_1.DSP48_V5_1: When the DSP48E2 DREG attribute is set to 0, the CED input pin should be tied to GND to save power.
Related violations: <none>

REQP-1701#4 Advisory
enum_DREG_0_connects_CED_GND  
i_system_wrapper/system_i/tx_adrv9009_tpl_core/tpl_core/inst/i_core/g_channel[0].i_channel/i_dds/dds_phase[2].i_dds_2/i_dds_1_1/i_dds_scale/i_mult_macro/MULT_MACRO.dsp_v5_1.DSP48_V5_1: When the DSP48E2 DREG attribute is set to 0, the CED input pin should be tied to GND to save power.
Related violations: <none>

REQP-1701#5 Advisory
enum_DREG_0_connects_CED_GND  
i_system_wrapper/system_i/tx_adrv9009_tpl_core/tpl_core/inst/i_core/g_channel[1].i_channel/i_dds/dds_phase[1].i_dds_2/i_dds_1_0/i_dds_scale/i_mult_macro/MULT_MACRO.dsp_v5_1.DSP48_V5_1: When the DSP48E2 DREG attribute is set to 0, the CED input pin should be tied to GND to save power.
Related violations: <none>

REQP-1701#6 Advisory
enum_DREG_0_connects_CED_GND  
i_system_wrapper/system_i/tx_adrv9009_tpl_core/tpl_core/inst/i_core/g_channel[1].i_channel/i_dds/dds_phase[1].i_dds_2/i_dds_1_1/i_dds_scale/i_mult_macro/MULT_MACRO.dsp_v5_1.DSP48_V5_1: When the DSP48E2 DREG attribute is set to 0, the CED input pin should be tied to GND to save power.
Related violations: <none>

REQP-1701#7 Advisory
enum_DREG_0_connects_CED_GND  
i_system_wrapper/system_i/tx_adrv9009_tpl_core/tpl_core/inst/i_core/g_channel[1].i_channel/i_dds/dds_phase[2].i_dds_2/i_dds_1_0/i_dds_scale/i_mult_macro/MULT_MACRO.dsp_v5_1.DSP48_V5_1: When the DSP48E2 DREG attribute is set to 0, the CED input pin should be tied to GND to save power.
Related violations: <none>

REQP-1701#8 Advisory
enum_DREG_0_connects_CED_GND  
i_system_wrapper/system_i/tx_adrv9009_tpl_core/tpl_core/inst/i_core/g_channel[1].i_channel/i_dds/dds_phase[2].i_dds_2/i_dds_1_1/i_dds_scale/i_mult_macro/MULT_MACRO.dsp_v5_1.DSP48_V5_1: When the DSP48E2 DREG attribute is set to 0, the CED input pin should be tied to GND to save power.
Related violations: <none>

REQP-1701#9 Advisory
enum_DREG_0_connects_CED_GND  
i_system_wrapper/system_i/tx_adrv9009_tpl_core/tpl_core/inst/i_core/g_channel[2].i_channel/i_dds/dds_phase[1].i_dds_2/i_dds_1_0/i_dds_scale/i_mult_macro/MULT_MACRO.dsp_v5_1.DSP48_V5_1: When the DSP48E2 DREG attribute is set to 0, the CED input pin should be tied to GND to save power.
Related violations: <none>

REQP-1701#10 Advisory
enum_DREG_0_connects_CED_GND  
i_system_wrapper/system_i/tx_adrv9009_tpl_core/tpl_core/inst/i_core/g_channel[2].i_channel/i_dds/dds_phase[1].i_dds_2/i_dds_1_1/i_dds_scale/i_mult_macro/MULT_MACRO.dsp_v5_1.DSP48_V5_1: When the DSP48E2 DREG attribute is set to 0, the CED input pin should be tied to GND to save power.
Related violations: <none>

REQP-1701#11 Advisory
enum_DREG_0_connects_CED_GND  
i_system_wrapper/system_i/tx_adrv9009_tpl_core/tpl_core/inst/i_core/g_channel[2].i_channel/i_dds/dds_phase[2].i_dds_2/i_dds_1_0/i_dds_scale/i_mult_macro/MULT_MACRO.dsp_v5_1.DSP48_V5_1: When the DSP48E2 DREG attribute is set to 0, the CED input pin should be tied to GND to save power.
Related violations: <none>

REQP-1701#12 Advisory
enum_DREG_0_connects_CED_GND  
i_system_wrapper/system_i/tx_adrv9009_tpl_core/tpl_core/inst/i_core/g_channel[2].i_channel/i_dds/dds_phase[2].i_dds_2/i_dds_1_1/i_dds_scale/i_mult_macro/MULT_MACRO.dsp_v5_1.DSP48_V5_1: When the DSP48E2 DREG attribute is set to 0, the CED input pin should be tied to GND to save power.
Related violations: <none>

REQP-1701#13 Advisory
enum_DREG_0_connects_CED_GND  
i_system_wrapper/system_i/tx_adrv9009_tpl_core/tpl_core/inst/i_core/g_channel[3].i_channel/i_dds/dds_phase[1].i_dds_2/i_dds_1_0/i_dds_scale/i_mult_macro/MULT_MACRO.dsp_v5_1.DSP48_V5_1: When the DSP48E2 DREG attribute is set to 0, the CED input pin should be tied to GND to save power.
Related violations: <none>

REQP-1701#14 Advisory
enum_DREG_0_connects_CED_GND  
i_system_wrapper/system_i/tx_adrv9009_tpl_core/tpl_core/inst/i_core/g_channel[3].i_channel/i_dds/dds_phase[1].i_dds_2/i_dds_1_1/i_dds_scale/i_mult_macro/MULT_MACRO.dsp_v5_1.DSP48_V5_1: When the DSP48E2 DREG attribute is set to 0, the CED input pin should be tied to GND to save power.
Related violations: <none>

REQP-1701#15 Advisory
enum_DREG_0_connects_CED_GND  
i_system_wrapper/system_i/tx_adrv9009_tpl_core/tpl_core/inst/i_core/g_channel[3].i_channel/i_dds/dds_phase[2].i_dds_2/i_dds_1_0/i_dds_scale/i_mult_macro/MULT_MACRO.dsp_v5_1.DSP48_V5_1: When the DSP48E2 DREG attribute is set to 0, the CED input pin should be tied to GND to save power.
Related violations: <none>

REQP-1701#16 Advisory
enum_DREG_0_connects_CED_GND  
i_system_wrapper/system_i/tx_adrv9009_tpl_core/tpl_core/inst/i_core/g_channel[3].i_channel/i_dds/dds_phase[2].i_dds_2/i_dds_1_1/i_dds_scale/i_mult_macro/MULT_MACRO.dsp_v5_1.DSP48_V5_1: When the DSP48E2 DREG attribute is set to 0, the CED input pin should be tied to GND to save power.
Related violations: <none>

REQP-1857#1 Advisory
RAMB18E2_writefirst_collision_advisory  
Synchronous clocking is detected for BRAM (i_system_wrapper/system_i/jtag_axi_0/inst/jtag_axi_engine_u/rx_fifo_i/inst_fifo_gen/gconvfifo.rf/grf.rf/gntv_or_sync_fifo.mem/gbm.gbmg.gbmga.ngecc.bmg/inst_blk_mem_gen/gnbram.gnativebmg.native_blk_mem_gen/valid.cstr/ramloop[0].ram.r/prim_noinit.ram/DEVICE_8SERIES.NO_BMM_INFO.SDP.WIDE_PRIM18.ram) in SDP mode with WRITE_FIRST write-mode. It is strongly suggested to change this mode to NO_CHANGE for best power characteristics. However, both WRITE_FIRST and NO_CHANGE may exhibit address collisions if the same address appears on both read and write ports resulting in unknown or corrupted read data. It is suggested to confirm via simulation that an address collision never occurs and if so it is suggested to try and avoid this situation. If address collisions cannot be avoided, the write-mode may be set to READ_FIRST which guarantees that the read data is the prior contents of the memory at the cost of additional power in the design. See the FPGA Memory Resources User Guide for additional information.
Related violations: <none>

REQP-1858#1 Advisory
RAMB36E2_writefirst_collision_advisory  
Synchronous clocking is detected for BRAM (i_system_wrapper/system_i/axi_adrv9009_tx_dma/inst/i_transfer/i_request_arb/i_store_and_forward/i_mem/m_ram_reg_0) in SDP mode with WRITE_FIRST write-mode. It is strongly suggested to change this mode to NO_CHANGE for best power characteristics. However, both WRITE_FIRST and NO_CHANGE may exhibit address collisions if the same address appears on both read and write ports resulting in unknown or corrupted read data. It is suggested to confirm via simulation that an address collision never occurs and if so it is suggested to try and avoid this situation. If address collisions cannot be avoided, the write-mode may be set to READ_FIRST which guarantees that the read data is the prior contents of the memory at the cost of additional power in the design. See the FPGA Memory Resources User Guide for additional information.
Related violations: <none>

REQP-1858#2 Advisory
RAMB36E2_writefirst_collision_advisory  
Synchronous clocking is detected for BRAM (i_system_wrapper/system_i/axi_adrv9009_tx_dma/inst/i_transfer/i_request_arb/i_store_and_forward/i_mem/m_ram_reg_1) in SDP mode with WRITE_FIRST write-mode. It is strongly suggested to change this mode to NO_CHANGE for best power characteristics. However, both WRITE_FIRST and NO_CHANGE may exhibit address collisions if the same address appears on both read and write ports resulting in unknown or corrupted read data. It is suggested to confirm via simulation that an address collision never occurs and if so it is suggested to try and avoid this situation. If address collisions cannot be avoided, the write-mode may be set to READ_FIRST which guarantees that the read data is the prior contents of the memory at the cost of additional power in the design. See the FPGA Memory Resources User Guide for additional information.
Related violations: <none>

REQP-1858#3 Advisory
RAMB36E2_writefirst_collision_advisory  
Synchronous clocking is detected for BRAM (i_system_wrapper/system_i/jtag_axi_0/inst/jtag_axi_engine_u/rd_cmd_fifo_i/inst_fifo_gen/gconvfifo.rf/grf.rf/gntv_or_sync_fifo.mem/gbm.gbmg.gbmga.ngecc.bmg/inst_blk_mem_gen/gnbram.gnativebmg.native_blk_mem_gen/valid.cstr/ramloop[0].ram.r/prim_noinit.ram/DEVICE_8SERIES.NO_BMM_INFO.SDP.WIDE_PRIM36_NO_ECC.ram) in SDP mode with WRITE_FIRST write-mode. It is strongly suggested to change this mode to NO_CHANGE for best power characteristics. However, both WRITE_FIRST and NO_CHANGE may exhibit address collisions if the same address appears on both read and write ports resulting in unknown or corrupted read data. It is suggested to confirm via simulation that an address collision never occurs and if so it is suggested to try and avoid this situation. If address collisions cannot be avoided, the write-mode may be set to READ_FIRST which guarantees that the read data is the prior contents of the memory at the cost of additional power in the design. See the FPGA Memory Resources User Guide for additional information.
Related violations: <none>

REQP-1858#4 Advisory
RAMB36E2_writefirst_collision_advisory  
Synchronous clocking is detected for BRAM (i_system_wrapper/system_i/jtag_axi_0/inst/jtag_axi_engine_u/wr_cmd_fifo_i/inst_fifo_gen/gconvfifo.rf/grf.rf/gntv_or_sync_fifo.mem/gbm.gbmg.gbmga.ngecc.bmg/inst_blk_mem_gen/gnbram.gnativebmg.native_blk_mem_gen/valid.cstr/ramloop[0].ram.r/prim_noinit.ram/DEVICE_8SERIES.NO_BMM_INFO.SDP.WIDE_PRIM36_NO_ECC.ram) in SDP mode with WRITE_FIRST write-mode. It is strongly suggested to change this mode to NO_CHANGE for best power characteristics. However, both WRITE_FIRST and NO_CHANGE may exhibit address collisions if the same address appears on both read and write ports resulting in unknown or corrupted read data. It is suggested to confirm via simulation that an address collision never occurs and if so it is suggested to try and avoid this situation. If address collisions cannot be avoided, the write-mode may be set to READ_FIRST which guarantees that the read data is the prior contents of the memory at the cost of additional power in the design. See the FPGA Memory Resources User Guide for additional information.
Related violations: <none>


